<?xml version="1.0" encoding="UTF-8"?>
<TestRun id="46c10b00-6081-4125-9e90-1e443a9f727a" name="chen@CHEN-5DA849B0B8 2014-10-12 09:30:18" runUser="CHEN-5DA849B0B8\chen" xmlns="http://microsoft.com/schemas/VisualStudio/TeamTest/2010">
  <TestSettings name="Default Test Settings" id="73661a6b-e902-4686-9f31-14c1a6cde4be">
    <Execution>
      <TestTypeSpecific />
      <AgentRule name="Execution Agents">
      </AgentRule>
    </Execution>
    <Deployment runDeploymentRoot="chen_CHEN-5DA849B0B8 2014-10-12 09_30_18" />
  </TestSettings>
  <Times creation="2014-10-12T09:30:18.3173274+03:00" queuing="2014-10-12T09:30:18.4174714+03:00" start="2014-10-12T09:30:18.5276298+03:00" finish="2014-10-12T09:30:19.6893002+03:00" />
  <ResultSummary outcome="Failed">
    <Counters total="12" executed="12" passed="8" error="0" failed="4" timeout="0" aborted="0" inconclusive="0" passedButRunAborted="0" notRunnable="0" notExecuted="0" disconnected="0" warning="0" completed="0" inProgress="0" pending="0" />
  </ResultSummary>
  <TestDefinitions>
    <UnitTest name="UnexpectedException" storage="c:\documents and settings\chen\allure-mstest-adapter\sampletestingproject\bin\debug\sampletestingproject.dll" id="d674ff52-3f70-f86a-175f-82b808dbb7f4">
      <Owners>
        <Owner name="Owner2" />
      </Owners>
      <Execution id="ddc219be-f60d-4579-9d27-b981e03bcce0" />
      <TestMethod codeBase="C:/Documents and Settings/chen/allure-mstest-adapter/SampleTestingProject/bin/Debug/SampleTestingProject.DLL" adapterTypeName="Microsoft.VisualStudio.TestTools.TestTypes.Unit.UnitTestAdapter, Microsoft.VisualStudio.QualityTools.Tips.UnitTest.Adapter, Version=10.0.0.0, Culture=neutral, PublicKeyToken=b03f5f7f11d50a3a" className="SampleTestingProject.UnitTest1, SampleTestingProject, Version=1.0.0.0, Culture=neutral, PublicKeyToken=null" name="UnexpectedException" />
    </UnitTest>
    <UnitTest name="ExpectedExceptionWithNoExceptionMessage" storage="c:\documents and settings\chen\allure-mstest-adapter\sampletestingproject\bin\debug\sampletestingproject.dll" id="526e1b3d-753a-43d5-48f2-d10e51871ff5">
      <Owners>
        <Owner name="Owner2" />
      </Owners>
      <Execution id="e10314dc-d5ca-4833-ac7b-ef6e77c19233" />
      <TestMethod codeBase="C:/Documents and Settings/chen/allure-mstest-adapter/SampleTestingProject/bin/Debug/SampleTestingProject.DLL" adapterTypeName="Microsoft.VisualStudio.TestTools.TestTypes.Unit.UnitTestAdapter, Microsoft.VisualStudio.QualityTools.Tips.UnitTest.Adapter, Version=10.0.0.0, Culture=neutral, PublicKeyToken=b03f5f7f11d50a3a" className="SampleTestingProject.UnitTest1, SampleTestingProject, Version=1.0.0.0, Culture=neutral, PublicKeyToken=null" name="ExpectedExceptionWithNoExceptionMessage" />
    </UnitTest>
    <UnitTest name="TestMethod3" storage="c:\documents and settings\chen\allure-mstest-adapter\sampletestingproject\bin\debug\sampletestingproject.dll" id="45580bf9-196c-8a24-b157-8ffbe57ed5b7">
      <Owners>
        <Owner name="Owner1" />
      </Owners>
      <TestCategory>
        <TestCategoryItem TestCategory="Category2" />
      </TestCategory>
      <Execution id="404aff4e-54a5-43d3-9b27-c203cfc2d5f2" />
      <TestMethod codeBase="C:/Documents and Settings/chen/allure-mstest-adapter/SampleTestingProject/bin/Debug/SampleTestingProject.DLL" adapterTypeName="Microsoft.VisualStudio.TestTools.TestTypes.Unit.UnitTestAdapter, Microsoft.VisualStudio.QualityTools.Tips.UnitTest.Adapter, Version=10.0.0.0, Culture=neutral, PublicKeyToken=b03f5f7f11d50a3a" className="SampleTestingProject.UnitTest1, SampleTestingProject, Version=1.0.0.0, Culture=neutral, PublicKeyToken=null" name="TestMethod3" />
    </UnitTest>
    <UnitTest name="SimpleFailingTest" storage="c:\documents and settings\chen\allure-mstest-adapter\sampletestingproject\bin\debug\sampletestingproject.dll" id="37767e2b-ed05-6fcc-1743-b47b28543eff">
      <Execution id="61283820-e667-481b-a8d5-ceb90bc63e18" />
      <TestMethod codeBase="C:/Documents and Settings/chen/allure-mstest-adapter/SampleTestingProject/bin/Debug/SampleTestingProject.DLL" adapterTypeName="Microsoft.VisualStudio.TestTools.TestTypes.Unit.UnitTestAdapter, Microsoft.VisualStudio.QualityTools.Tips.UnitTest.Adapter, Version=10.0.0.0, Culture=neutral, PublicKeyToken=b03f5f7f11d50a3a" className="SampleTestingProject.UnitTest1, SampleTestingProject, Version=1.0.0.0, Culture=neutral, PublicKeyToken=null" name="SimpleFailingTest" />
    </UnitTest>
    <UnitTest name="Test_Without_Category" storage="c:\documents and settings\chen\allure-mstest-adapter\sampletestingproject\bin\debug\sampletestingproject.dll" id="1a397e66-843f-85e6-a2bc-c6770c860df9">
      <Execution id="85009bd9-bd49-4d18-b2a6-77c4fc2f9496" />
      <TestMethod codeBase="C:/Documents and Settings/chen/allure-mstest-adapter/SampleTestingProject/bin/Debug/SampleTestingProject.DLL" adapterTypeName="Microsoft.VisualStudio.TestTools.TestTypes.Unit.UnitTestAdapter, Microsoft.VisualStudio.QualityTools.Tips.UnitTest.Adapter, Version=10.0.0.0, Culture=neutral, PublicKeyToken=b03f5f7f11d50a3a" className="SampleTestingProject.UnitTest1, SampleTestingProject, Version=1.0.0.0, Culture=neutral, PublicKeyToken=null" name="Test_Without_Category" />
    </UnitTest>
    <UnitTest name="TestMethod1" storage="c:\documents and settings\chen\allure-mstest-adapter\sampletestingproject\bin\debug\sampletestingproject.dll" id="1355d0e5-4bac-c245-d7ad-af9f0f4d2e03">
      <Description>Description of the TestMethod1 UnitTest.</Description>
      <Owners>
        <Owner name="Owner1" />
      </Owners>
      <TestCategory>
        <TestCategoryItem TestCategory="Category1" />
      </TestCategory>
      <Execution id="19cd9618-7f78-429a-bb2f-d58ac1b3bca0" />
      <TestMethod codeBase="C:/Documents and Settings/chen/allure-mstest-adapter/SampleTestingProject/bin/Debug/SampleTestingProject.DLL" adapterTypeName="Microsoft.VisualStudio.TestTools.TestTypes.Unit.UnitTestAdapter, Microsoft.VisualStudio.QualityTools.Tips.UnitTest.Adapter, Version=10.0.0.0, Culture=neutral, PublicKeyToken=b03f5f7f11d50a3a" className="SampleTestingProject.UnitTest1, SampleTestingProject, Version=1.0.0.0, Culture=neutral, PublicKeyToken=null" name="TestMethod1" />
    </UnitTest>
    <UnitTest name="TestMethod2" storage="c:\documents and settings\chen\allure-mstest-adapter\sampletestingproject\bin\debug\sampletestingproject.dll" id="a2fb4c92-911b-2d47-f297-5f446c1ae75e">
      <Owners>
        <Owner name="Owner1" />
      </Owners>
      <TestCategory>
        <TestCategoryItem TestCategory="Category2" />
        <TestCategoryItem TestCategory="Category1" />
      </TestCategory>
      <Execution id="74ecb851-7c66-4ddb-8a09-67bc2c5bb7a9" />
      <TestMethod codeBase="C:/Documents and Settings/chen/allure-mstest-adapter/SampleTestingProject/bin/Debug/SampleTestingProject.DLL" adapterTypeName="Microsoft.VisualStudio.TestTools.TestTypes.Unit.UnitTestAdapter, Microsoft.VisualStudio.QualityTools.Tips.UnitTest.Adapter, Version=10.0.0.0, Culture=neutral, PublicKeyToken=b03f5f7f11d50a3a" className="SampleTestingProject.UnitTest1, SampleTestingProject, Version=1.0.0.0, Culture=neutral, PublicKeyToken=null" name="TestMethod2" />
    </UnitTest>
    <UnitTest name="CSVDataDrivenTest" storage="c:\documents and settings\chen\allure-mstest-adapter\sampletestingproject\bin\debug\sampletestingproject.dll" id="8179112c-bbdb-9a6b-fba1-e6e0ffb580b9">
      <Description>Description of the CSVDataDrivenTest data driven test.</Description>
      <Owners>
        <Owner name="Owner3" />
      </Owners>
      <TestCategory>
        <TestCategoryItem TestCategory="Category3" />
      </TestCategory>
      <DeploymentItems>
        <DeploymentItem filename="UserData.csv" />
      </DeploymentItems>
      <Execution id="90a3bd53-f30e-4401-acc1-d756e2dbd2f8" />
      <TestMethod codeBase="C:/Documents and Settings/chen/allure-mstest-adapter/SampleTestingProject/bin/Debug/SampleTestingProject.DLL" adapterTypeName="Microsoft.VisualStudio.TestTools.TestTypes.Unit.UnitTestAdapter, Microsoft.VisualStudio.QualityTools.Tips.UnitTest.Adapter, Version=10.0.0.0, Culture=neutral, PublicKeyToken=b03f5f7f11d50a3a" className="SampleTestingProject.UnitTest1, SampleTestingProject, Version=1.0.0.0, Culture=neutral, PublicKeyToken=null" name="CSVDataDrivenTest" />
      <DataSource connectionString="Provider=Microsoft.Jet.OLEDB.4.0;Data Source='|DataDirectory|';Extended Properties=&quot;text;HDR=Yes;FMT=Delimited&quot;" providerInvariantName="System.Data.OleDb" tableName="UserData#csv" />
    </UnitTest>
    <UnitTest name="ExpectedException" storage="c:\documents and settings\chen\allure-mstest-adapter\sampletestingproject\bin\debug\sampletestingproject.dll" id="0d2325b1-3073-18e7-d060-dc4d5ce5a01f">
      <Execution id="0681811f-30be-4bae-b729-1efcc5087866" />
      <TestMethod codeBase="C:/Documents and Settings/chen/allure-mstest-adapter/SampleTestingProject/bin/Debug/SampleTestingProject.DLL" adapterTypeName="Microsoft.VisualStudio.TestTools.TestTypes.Unit.UnitTestAdapter, Microsoft.VisualStudio.QualityTools.Tips.UnitTest.Adapter, Version=10.0.0.0, Culture=neutral, PublicKeyToken=b03f5f7f11d50a3a" className="SampleTestingProject.UnitTest1, SampleTestingProject, Version=1.0.0.0, Culture=neutral, PublicKeyToken=null" name="ExpectedException" />
    </UnitTest>
  </TestDefinitions>
  <TestLists>
    <TestList name="Results Not in a List" id="8c84fa94-04c1-424b-9868-57a2d4851a1d" />
    <TestList name="All Loaded Results" id="19431567-8539-422a-85d7-44ee4e166bda" />
  </TestLists>
  <TestEntries>
    <TestEntry testId="1355d0e5-4bac-c245-d7ad-af9f0f4d2e03" executionId="19cd9618-7f78-429a-bb2f-d58ac1b3bca0" testListId="8c84fa94-04c1-424b-9868-57a2d4851a1d" />
    <TestEntry testId="a2fb4c92-911b-2d47-f297-5f446c1ae75e" executionId="74ecb851-7c66-4ddb-8a09-67bc2c5bb7a9" testListId="8c84fa94-04c1-424b-9868-57a2d4851a1d" />
    <TestEntry testId="45580bf9-196c-8a24-b157-8ffbe57ed5b7" executionId="404aff4e-54a5-43d3-9b27-c203cfc2d5f2" testListId="8c84fa94-04c1-424b-9868-57a2d4851a1d" />
    <TestEntry testId="1a397e66-843f-85e6-a2bc-c6770c860df9" executionId="85009bd9-bd49-4d18-b2a6-77c4fc2f9496" testListId="8c84fa94-04c1-424b-9868-57a2d4851a1d" />
    <TestEntry testId="37767e2b-ed05-6fcc-1743-b47b28543eff" executionId="61283820-e667-481b-a8d5-ceb90bc63e18" testListId="8c84fa94-04c1-424b-9868-57a2d4851a1d" />
    <TestEntry testId="0d2325b1-3073-18e7-d060-dc4d5ce5a01f" executionId="0681811f-30be-4bae-b729-1efcc5087866" testListId="8c84fa94-04c1-424b-9868-57a2d4851a1d" />
    <TestEntry testId="526e1b3d-753a-43d5-48f2-d10e51871ff5" executionId="e10314dc-d5ca-4833-ac7b-ef6e77c19233" testListId="8c84fa94-04c1-424b-9868-57a2d4851a1d" />
    <TestEntry testId="d674ff52-3f70-f86a-175f-82b808dbb7f4" executionId="ddc219be-f60d-4579-9d27-b981e03bcce0" testListId="8c84fa94-04c1-424b-9868-57a2d4851a1d" />
    <TestEntry testId="8179112c-bbdb-9a6b-fba1-e6e0ffb580b9" executionId="90a3bd53-f30e-4401-acc1-d756e2dbd2f8" testListId="8c84fa94-04c1-424b-9868-57a2d4851a1d" />
  </TestEntries>
  <Results>
    <UnitTestResult executionId="19cd9618-7f78-429a-bb2f-d58ac1b3bca0" testId="1355d0e5-4bac-c245-d7ad-af9f0f4d2e03" testName="TestMethod1" computerName="CHEN-5DA849B0B8" duration="00:00:00.0190147" startTime="2014-10-12T09:30:18.7078890+03:00" endTime="2014-10-12T09:30:19.1084650+03:00" testType="13cdc9d9-ddb5-4fa4-a97d-d965ccfc6d4b" outcome="Passed" testListId="8c84fa94-04c1-424b-9868-57a2d4851a1d" relativeResultsDirectory="19cd9618-7f78-429a-bb2f-d58ac1b3bca0">
    </UnitTestResult>
    <UnitTestResult executionId="74ecb851-7c66-4ddb-8a09-67bc2c5bb7a9" testId="a2fb4c92-911b-2d47-f297-5f446c1ae75e" testName="TestMethod2" computerName="CHEN-5DA849B0B8" duration="00:00:00.0011096" startTime="2014-10-12T09:30:19.1084650+03:00" endTime="2014-10-12T09:30:19.1184794+03:00" testType="13cdc9d9-ddb5-4fa4-a97d-d965ccfc6d4b" outcome="Passed" testListId="8c84fa94-04c1-424b-9868-57a2d4851a1d" relativeResultsDirectory="74ecb851-7c66-4ddb-8a09-67bc2c5bb7a9">
    </UnitTestResult>
    <UnitTestResult executionId="404aff4e-54a5-43d3-9b27-c203cfc2d5f2" testId="45580bf9-196c-8a24-b157-8ffbe57ed5b7" testName="TestMethod3" computerName="CHEN-5DA849B0B8" duration="00:00:00.0020175" startTime="2014-10-12T09:30:19.1184794+03:00" endTime="2014-10-12T09:30:19.1385082+03:00" testType="13cdc9d9-ddb5-4fa4-a97d-d965ccfc6d4b" outcome="Passed" testListId="8c84fa94-04c1-424b-9868-57a2d4851a1d" relativeResultsDirectory="404aff4e-54a5-43d3-9b27-c203cfc2d5f2">
    </UnitTestResult>
    <UnitTestResult executionId="85009bd9-bd49-4d18-b2a6-77c4fc2f9496" testId="1a397e66-843f-85e6-a2bc-c6770c860df9" testName="Test_Without_Category" computerName="CHEN-5DA849B0B8" duration="00:00:00.0004612" startTime="2014-10-12T09:30:19.1485226+03:00" endTime="2014-10-12T09:30:19.1585370+03:00" testType="13cdc9d9-ddb5-4fa4-a97d-d965ccfc6d4b" outcome="Passed" testListId="8c84fa94-04c1-424b-9868-57a2d4851a1d" relativeResultsDirectory="85009bd9-bd49-4d18-b2a6-77c4fc2f9496">
    </UnitTestResult>
    <UnitTestResult executionId="61283820-e667-481b-a8d5-ceb90bc63e18" testId="37767e2b-ed05-6fcc-1743-b47b28543eff" testName="SimpleFailingTest" computerName="CHEN-5DA849B0B8" duration="00:00:00.0213664" startTime="2014-10-12T09:30:19.1585370+03:00" endTime="2014-10-12T09:30:19.1885802+03:00" testType="13cdc9d9-ddb5-4fa4-a97d-d965ccfc6d4b" outcome="Failed" testListId="8c84fa94-04c1-424b-9868-57a2d4851a1d" relativeResultsDirectory="61283820-e667-481b-a8d5-ceb90bc63e18">
      <Output>
        <ErrorInfo>
          <Message>Assert.AreEqual failed. Expected:&lt;1&gt;. Actual:&lt;2&gt;. The calculation failed.</Message>
          <StackTrace>   at SampleTestingProject.UnitTest1.SimpleFailingTest() in C:\Documents and Settings\chen\allure-mstest-adapter\SampleTestingProject\UnitTest1.cs:line 44
</StackTrace>
        </ErrorInfo>
      </Output>
    </UnitTestResult>
    <UnitTestResult executionId="0681811f-30be-4bae-b729-1efcc5087866" testId="0d2325b1-3073-18e7-d060-dc4d5ce5a01f" testName="ExpectedException" computerName="CHEN-5DA849B0B8" duration="00:00:00.0008104" startTime="2014-10-12T09:30:19.1885802+03:00" endTime="2014-10-12T09:30:19.1985946+03:00" testType="13cdc9d9-ddb5-4fa4-a97d-d965ccfc6d4b" outcome="Passed" testListId="8c84fa94-04c1-424b-9868-57a2d4851a1d" relativeResultsDirectory="0681811f-30be-4bae-b729-1efcc5087866">
    </UnitTestResult>
    <UnitTestResult executionId="e10314dc-d5ca-4833-ac7b-ef6e77c19233" testId="526e1b3d-753a-43d5-48f2-d10e51871ff5" testName="ExpectedExceptionWithNoExceptionMessage" computerName="CHEN-5DA849B0B8" duration="00:00:00.0050883" startTime="2014-10-12T09:30:19.2086090+03:00" endTime="2014-10-12T09:30:19.2787098+03:00" testType="13cdc9d9-ddb5-4fa4-a97d-d965ccfc6d4b" outcome="Passed" testListId="8c84fa94-04c1-424b-9868-57a2d4851a1d" relativeResultsDirectory="e10314dc-d5ca-4833-ac7b-ef6e77c19233">
    </UnitTestResult>
    <UnitTestResult executionId="ddc219be-f60d-4579-9d27-b981e03bcce0" testId="d674ff52-3f70-f86a-175f-82b808dbb7f4" testName="UnexpectedException" computerName="CHEN-5DA849B0B8" duration="00:00:00.0059569" startTime="2014-10-12T09:30:19.2887242+03:00" endTime="2014-10-12T09:30:19.2987386+03:00" testType="13cdc9d9-ddb5-4fa4-a97d-d965ccfc6d4b" outcome="Failed" testListId="8c84fa94-04c1-424b-9868-57a2d4851a1d" relativeResultsDirectory="ddc219be-f60d-4579-9d27-b981e03bcce0">
      <Output>
        <ErrorInfo>
          <Message>Test method SampleTestingProject.UnitTest1.UnexpectedException threw exception: 
System.Exception: Exception of type 'System.Exception' was thrown.</Message>
          <StackTrace>    at SampleTestingProject.UnitTest1.UnexpectedException() in C:\Documents and Settings\chen\allure-mstest-adapter\SampleTestingProject\UnitTest1.cs:line 66
</StackTrace>
        </ErrorInfo>
      </Output>
    </UnitTestResult>
    <UnitTestResult executionId="90a3bd53-f30e-4401-acc1-d756e2dbd2f8" testId="8179112c-bbdb-9a6b-fba1-e6e0ffb580b9" testName="CSVDataDrivenTest" computerName="CHEN-5DA849B0B8" duration="00:00:00.1655012" startTime="2014-10-12T09:30:19.3087530+03:00" endTime="2014-10-12T09:30:19.4990266+03:00" testType="13cdc9d9-ddb5-4fa4-a97d-d965ccfc6d4b" outcome="Failed" testListId="8c84fa94-04c1-424b-9868-57a2d4851a1d" relativeResultsDirectory="90a3bd53-f30e-4401-acc1-d756e2dbd2f8" resultType="DataDrivenTest">
      <Counters error="0" failed="1" timeout="0" aborted="0" inconclusive="0" passedButRunAborted="0" notRunnable="0" notExecuted="0" disconnected="0" warning="0" passed="2" completed="0" inProgress="0" pending="0" />
      <InnerResults>
        <UnitTestResult executionId="d470074f-2edf-424e-ae92-1aba7738f88f" parentExecutionId="90a3bd53-f30e-4401-acc1-d756e2dbd2f8" testId="8179112c-bbdb-9a6b-fba1-e6e0ffb580b9" testName="CSVDataDrivenTest" computerName="CHEN-5DA849B0B8" duration="00:00:00.0008696" startTime="2014-10-12T09:30:19.4489546+03:00" endTime="2014-10-12T09:30:19.4489546+03:00" testType="13cdc9d9-ddb5-4fa4-a97d-d965ccfc6d4b" outcome="Passed" testListId="8c84fa94-04c1-424b-9868-57a2d4851a1d" relativeResultsDirectory="90a3bd53-f30e-4401-acc1-d756e2dbd2f8" dataRowInfo="0" resultType="DataDrivenDataRow" />
        <UnitTestResult executionId="d9221ad8-fbb8-428b-883e-66b77dff134d" parentExecutionId="90a3bd53-f30e-4401-acc1-d756e2dbd2f8" testId="8179112c-bbdb-9a6b-fba1-e6e0ffb580b9" testName="CSVDataDrivenTest" computerName="CHEN-5DA849B0B8" duration="00:00:00.0000449" startTime="2014-10-12T09:30:19.4489546+03:00" endTime="2014-10-12T09:30:19.4489546+03:00" testType="13cdc9d9-ddb5-4fa4-a97d-d965ccfc6d4b" outcome="Passed" testListId="8c84fa94-04c1-424b-9868-57a2d4851a1d" relativeResultsDirectory="90a3bd53-f30e-4401-acc1-d756e2dbd2f8" dataRowInfo="1" resultType="DataDrivenDataRow" />
        <UnitTestResult executionId="e124a71d-6c60-4b44-91ff-1664afe53217" parentExecutionId="90a3bd53-f30e-4401-acc1-d756e2dbd2f8" testId="8179112c-bbdb-9a6b-fba1-e6e0ffb580b9" testName="CSVDataDrivenTest" computerName="CHEN-5DA849B0B8" duration="00:00:00.0046444" startTime="2014-10-12T09:30:19.4489546+03:00" endTime="2014-10-12T09:30:19.4589690+03:00" testType="13cdc9d9-ddb5-4fa4-a97d-d965ccfc6d4b" outcome="Failed" testListId="8c84fa94-04c1-424b-9868-57a2d4851a1d" relativeResultsDirectory="90a3bd53-f30e-4401-acc1-d756e2dbd2f8" dataRowInfo="2" resultType="DataDrivenDataRow">
          <Output>
            <ErrorInfo>
              <Message>Test method SampleTestingProject.UnitTest1.CSVDataDrivenTest threw exception: 
System.DivideByZeroException: Attempted to divide by zero.</Message>
              <StackTrace>    at SampleTestingProject.UnitTest1.CSVDataDrivenTest() in C:\Documents and Settings\chen\allure-mstest-adapter\SampleTestingProject\UnitTest1.cs:line 89
</StackTrace>
            </ErrorInfo>
          </Output>
        </UnitTestResult>
      </InnerResults>
    </UnitTestResult>
  </Results>
</TestRun>